<?xml version="1.0" encoding="UTF-8"?>
<testng-results skipped="0" failed="0" ignored="0" total="3" passed="3">
  <reporter-output>
  </reporter-output>
  <suite name="Surefire suite" duration-ms="133555" started-at="2021-08-23T05:53:21Z" finished-at="2021-08-23T05:55:34Z">
    <groups>
      <group name="cucumber">
        <method signature="AbstractTestNGCucumberTests.runScenario(io.cucumber.testng.PickleWrapper, io.cucumber.testng.FeatureWrapper)[pri:0, instance:parallelUsingTestNG.ParallelRun@1794d431]" name="runScenario" class="io.cucumber.testng.AbstractTestNGCucumberTests"/>
      </group> <!-- cucumber -->
    </groups>
    <test name="Surefire test" duration-ms="133555" started-at="2021-08-23T05:53:21Z" finished-at="2021-08-23T05:55:34Z">
      <class name="parallelUsingTestNG.ParallelRun">
        <test-method status="PASS" signature="setUpClass()[pri:0, instance:parallelUsingTestNG.ParallelRun@1794d431]" name="setUpClass" is-config="true" duration-ms="4806" started-at="2021-08-23T05:53:21Z" finished-at="2021-08-23T05:53:25Z">
          <reporter-output>
          </reporter-output>
        </test-method> <!-- setUpClass -->
        <test-method status="PASS" signature="runScenario(io.cucumber.testng.PickleWrapper, io.cucumber.testng.FeatureWrapper)[pri:0, instance:parallelUsingTestNG.ParallelRun@1794d431]" name="runScenario" duration-ms="82911" started-at="2021-08-23T05:53:25Z" description="Runs Cucumber Scenarios" data-provider="scenarios" finished-at="2021-08-23T05:54:48Z">
          <params>
            <param index="0">
              <value>
                <![CDATA["Forgot Password link"]]>
              </value>
            </param>
            <param index="1">
              <value>
                <![CDATA["Optional[Login page feature]"]]>
              </value>
            </param>
          </params>
          <reporter-output>
          </reporter-output>
        </test-method> <!-- runScenario -->
        <test-method status="PASS" signature="runScenario(io.cucumber.testng.PickleWrapper, io.cucumber.testng.FeatureWrapper)[pri:0, instance:parallelUsingTestNG.ParallelRun@1794d431]" name="runScenario" duration-ms="86845" started-at="2021-08-23T05:53:25Z" description="Runs Cucumber Scenarios" data-provider="scenarios" finished-at="2021-08-23T05:54:52Z">
          <params>
            <param index="0">
              <value>
                <![CDATA["Login page title"]]>
              </value>
            </param>
            <param index="1">
              <value>
                <![CDATA["Optional[Login page feature]"]]>
              </value>
            </param>
          </params>
          <reporter-output>
          </reporter-output>
        </test-method> <!-- runScenario -->
        <test-method status="PASS" signature="runScenario(io.cucumber.testng.PickleWrapper, io.cucumber.testng.FeatureWrapper)[pri:0, instance:parallelUsingTestNG.ParallelRun@1794d431]" name="runScenario" duration-ms="99006" started-at="2021-08-23T05:53:25Z" description="Runs Cucumber Scenarios" data-provider="scenarios" finished-at="2021-08-23T05:55:04Z">
          <params>
            <param index="0">
              <value>
                <![CDATA["Login with correct credentials"]]>
              </value>
            </param>
            <param index="1">
              <value>
                <![CDATA["Optional[Login page feature]"]]>
              </value>
            </param>
          </params>
          <reporter-output>
          </reporter-output>
        </test-method> <!-- runScenario -->
        <test-method status="FAIL" signature="tearDownClass()[pri:0, instance:parallelUsingTestNG.ParallelRun@1794d431]" name="tearDownClass" is-config="true" duration-ms="29540" started-at="2021-08-23T05:55:04Z" finished-at="2021-08-23T05:55:34Z">
          <exception class="java.lang.NoSuchFieldError">
            <message>
              <![CDATA[Justify]]>
            </message>
            <full-stacktrace>
              <![CDATA[java.lang.NoSuchFieldError: Justify
at org.vandeseer.easytable.drawing.cell.ParagraphCellDrawer.<clinit>(ParagraphCellDrawer.java:27)
at org.vandeseer.easytable.structure.cell.paragraph.ParagraphCell.createDefaultDrawer(ParagraphCell.java:42)
at org.vandeseer.easytable.structure.cell.AbstractCell.getDrawer(AbstractCell.java:158)
at org.vandeseer.easytable.TableDrawer.drawRow(TableDrawer.java:171)
at org.vandeseer.easytable.TableDrawer.drawWithFunction(TableDrawer.java:153)
at org.vandeseer.easytable.TableDrawer.lambda$drawPage$1(TableDrawer.java:83)
at java.lang.Iterable.forEach(Iterable.java:75)
at org.vandeseer.easytable.TableDrawer.drawPage(TableDrawer.java:82)
at org.vandeseer.easytable.TableDrawer.draw(TableDrawer.java:78)
at tech.grasshopper.pdf.chapter.detailed.DetailedRowComponent.display(DetailedRowComponent.java:90)
at tech.grasshopper.pdf.chapter.detailed.DetailedPage.lambda$0(DetailedPage.java:42)
at java.util.ArrayList.forEach(ArrayList.java:1257)
at tech.grasshopper.pdf.chapter.detailed.DetailedPage.createPage(DetailedPage.java:39)
at tech.grasshopper.pdf.chapter.detailed.DetailedChapter.sendToPage(DetailedChapter.java:115)
at tech.grasshopper.pdf.chapter.detailed.DetailedChapter.createAndSendPageData(DetailedChapter.java:50)
at tech.grasshopper.pdf.chapter.detailed.DetailedChapter.createChapter(DetailedChapter.java:28)
at tech.grasshopper.pdf.PDFCucumberReport.lambda$0(PDFCucumberReport.java:100)
at java.util.ArrayList.forEach(ArrayList.java:1257)
at tech.grasshopper.pdf.PDFCucumberReport.createReport(PDFCucumberReport.java:100)
at tech.grasshopper.pdf.extent.ExtentPDFCucumberReporter.flush(ExtentPDFCucumberReporter.java:66)
at tech.grasshopper.pdf.extent.ExtentPDFCucumberReporter.access$1(ExtentPDFCucumberReporter.java:57)
at tech.grasshopper.pdf.extent.ExtentPDFCucumberReporter$1.onNext(ExtentPDFCucumberReporter.java:42)
at tech.grasshopper.pdf.extent.ExtentPDFCucumberReporter$1.onNext(ExtentPDFCucumberReporter.java:1)
at io.reactivex.rxjava3.subjects.PublishSubject$PublishDisposable.onNext(PublishSubject.java:310)
at io.reactivex.rxjava3.subjects.PublishSubject.onNext(PublishSubject.java:226)
at com.aventstack.extentreports.ReactiveSubject.onFlush(ReactiveSubject.java:83)
at com.aventstack.extentreports.AbstractProcessor.onFlush(AbstractProcessor.java:85)
at com.aventstack.extentreports.ExtentReports.flush(ExtentReports.java:284)
at com.aventstack.extentreports.cucumber.adapter.ExtentCucumberAdapter.finishReport(ExtentCucumberAdapter.java:296)
at com.aventstack.extentreports.cucumber.adapter.ExtentCucumberAdapter.access$6(ExtentCucumberAdapter.java:295)
at com.aventstack.extentreports.cucumber.adapter.ExtentCucumberAdapter$8.receive(ExtentCucumberAdapter.java:132)
at com.aventstack.extentreports.cucumber.adapter.ExtentCucumberAdapter$8.receive(ExtentCucumberAdapter.java:1)
at io.cucumber.core.eventbus.AbstractEventPublisher.send(AbstractEventPublisher.java:51)
at io.cucumber.core.eventbus.AbstractEventBus.send(AbstractEventBus.java:12)
at io.cucumber.core.runtime.CucumberExecutionContext.emitTestRunFinished(CucumberExecutionContext.java:93)
at io.cucumber.core.runtime.CucumberExecutionContext.finishTestRun(CucumberExecutionContext.java:74)
at io.cucumber.testng.TestNGCucumberRunner.finish(TestNGCucumberRunner.java:126)
at io.cucumber.testng.AbstractTestNGCucumberTests.tearDownClass(AbstractTestNGCucumberTests.java:53)
at sun.reflect.NativeMethodAccessorImpl.invoke0(Native Method)
at sun.reflect.NativeMethodAccessorImpl.invoke(NativeMethodAccessorImpl.java:62)
at sun.reflect.DelegatingMethodAccessorImpl.invoke(DelegatingMethodAccessorImpl.java:43)
at java.lang.reflect.Method.invoke(Method.java:498)
at org.testng.internal.MethodInvocationHelper.invokeMethod(MethodInvocationHelper.java:124)
at org.testng.internal.MethodInvocationHelper.invokeMethodConsideringTimeout(MethodInvocationHelper.java:59)
at org.testng.internal.Invoker.invokeConfigurationMethod(Invoker.java:458)
at org.testng.internal.Invoker.invokeConfigurations(Invoker.java:222)
at org.testng.internal.Invoker.invokeConfigurations(Invoker.java:142)
at org.testng.internal.TestMethodWorker.invokeAfterClassMethods(TestMethodWorker.java:214)
at org.testng.internal.TestMethodWorker.run(TestMethodWorker.java:111)
at java.util.concurrent.ThreadPoolExecutor.runWorker(ThreadPoolExecutor.java:1149)
at java.util.concurrent.ThreadPoolExecutor$Worker.run(ThreadPoolExecutor.java:624)
at java.lang.Thread.run(Thread.java:748)
]]>
            </full-stacktrace>
          </exception> <!-- java.lang.NoSuchFieldError -->
          <reporter-output>
          </reporter-output>
        </test-method> <!-- tearDownClass -->
      </class> <!-- parallelUsingTestNG.ParallelRun -->
    </test> <!-- Surefire test -->
  </suite> <!-- Surefire suite -->
</testng-results>
